2024-06-05 23:42:21 >>  Image: 4resize_resize, mask: mark PSNR=21.797354
psnr_destroyed=13.616940, psnr_inpainting=21.80
ssim_destroyed=0.6906, ssim_inpainting=0.8178
loss_destroyed=0.0435, loss_inpainting=0.0435
2024-06-05 23:44:04 >>  Image: 4resize_resize, mask: random PSNR=13.131186
psnr_destroyed=7.579890, psnr_inpainting=13.13
ssim_destroyed=0.0243, ssim_inpainting=0.0858
loss_destroyed=0.1746, loss_inpainting=0.1746
2024-06-05 23:47:04 >>  Image: 4resize_resize, mask: scratch PSNR=36.422127
psnr_destroyed=19.497715, psnr_inpainting=36.42
ssim_destroyed=0.8411, ssim_inpainting=0.9693
loss_destroyed=0.0112, loss_inpainting=0.0112
2024-06-05 23:50:02 >>  Image: 4resize_resize, mask: waterprint PSNR=27.030230
psnr_destroyed=13.535663, psnr_inpainting=27.03
ssim_destroyed=0.5797, ssim_inpainting=0.7995
loss_destroyed=0.0443, loss_inpainting=0.0443
2024-06-05 23:53:02 >>  Image: lake_resize, mask: mark PSNR=26.986214
psnr_destroyed=22.189476, psnr_inpainting=26.99
ssim_destroyed=0.7946, ssim_inpainting=0.8879
loss_destroyed=0.0060, loss_inpainting=0.0060
2024-06-05 23:55:57 >>  Image: lake_resize, mask: random PSNR=22.465443
psnr_destroyed=16.922882, psnr_inpainting=22.47
ssim_destroyed=0.2796, ssim_inpainting=0.5295
loss_destroyed=0.0203, loss_inpainting=0.0203
2024-06-05 23:58:50 >>  Image: lake_resize, mask: scratch PSNR=28.716061
psnr_destroyed=26.158144, psnr_inpainting=28.72
ssim_destroyed=0.9071, ssim_inpainting=0.9608
loss_destroyed=0.0024, loss_inpainting=0.0024
2024-06-06 00:01:48 >>  Image: lake_resize, mask: waterprint PSNR=27.651491
psnr_destroyed=22.065243, psnr_inpainting=27.65
ssim_destroyed=0.7543, ssim_inpainting=0.8996
loss_destroyed=0.0062, loss_inpainting=0.0062
2024-06-06 00:04:46 >>  Image: sea1_resize, mask: mark PSNR=24.846819
psnr_destroyed=15.765440, psnr_inpainting=24.85
ssim_destroyed=0.7116, ssim_inpainting=0.8387
loss_destroyed=0.0265, loss_inpainting=0.0265
2024-06-06 00:07:09 >>  Image: sea1_resize, mask: random PSNR=14.693380
psnr_destroyed=9.366979, psnr_inpainting=14.69
ssim_destroyed=0.0533, ssim_inpainting=0.1594
loss_destroyed=0.1157, loss_inpainting=0.1157
2024-06-06 00:08:54 >>  Image: sea1_resize, mask: scratch PSNR=34.593731
psnr_destroyed=21.625660, psnr_inpainting=34.59
ssim_destroyed=0.8567, ssim_inpainting=0.9666
loss_destroyed=0.0069, loss_inpainting=0.0069
2024-06-06 00:10:40 >>  Image: sea1_resize, mask: waterprint PSNR=28.027822
psnr_destroyed=15.404133, psnr_inpainting=28.03
ssim_destroyed=0.6108, ssim_inpainting=0.8296
loss_destroyed=0.0288, loss_inpainting=0.0288
2024-06-06 00:12:23 >>  Image: sea2_resize, mask: mark PSNR=20.659554
psnr_destroyed=12.537134, psnr_inpainting=20.66
ssim_destroyed=0.6852, ssim_inpainting=0.8021
loss_destroyed=0.0558, loss_inpainting=0.0558
2024-06-06 00:14:00 >>  Image: sea2_resize, mask: random PSNR=11.675066
psnr_destroyed=6.445470, psnr_inpainting=11.68
ssim_destroyed=0.0252, ssim_inpainting=0.0831
loss_destroyed=0.2267, loss_inpainting=0.2267
2024-06-06 00:15:40 >>  Image: sea2_resize, mask: scratch PSNR=33.399185
psnr_destroyed=18.290054, psnr_inpainting=33.40
ssim_destroyed=0.8378, ssim_inpainting=0.9562
loss_destroyed=0.0148, loss_inpainting=0.0148
2024-06-06 00:17:20 >>  Image: sea2_resize, mask: waterprint PSNR=24.806273
psnr_destroyed=12.367617, psnr_inpainting=24.81
ssim_destroyed=0.5717, ssim_inpainting=0.7651
loss_destroyed=0.0580, loss_inpainting=0.0580
2024-06-06 00:20:40 >>  Image: 4resize_resize, mask: mark PSNR=21.797354
psnr_destroyed=13.616940, psnr_inpainting=21.80
ssim_destroyed=0.6906, ssim_inpainting=0.8178
loss_destroyed=0.0435, loss_inpainting=0.0435
2024-06-06 00:22:17 >>  Image: 4resize_resize, mask: random PSNR=13.131186
psnr_destroyed=7.579890, psnr_inpainting=13.13
ssim_destroyed=0.0243, ssim_inpainting=0.0858
loss_destroyed=0.1746, loss_inpainting=0.1746
2024-06-06 00:23:58 >>  Image: 4resize_resize, mask: scratch PSNR=36.422127
psnr_destroyed=19.497715, psnr_inpainting=36.42
ssim_destroyed=0.8411, ssim_inpainting=0.9693
loss_destroyed=0.0112, loss_inpainting=0.0112
2024-06-06 00:25:43 >>  Image: 4resize_resize, mask: waterprint PSNR=27.030230
psnr_destroyed=13.535663, psnr_inpainting=27.03
ssim_destroyed=0.5797, ssim_inpainting=0.7995
loss_destroyed=0.0443, loss_inpainting=0.0443
2024-06-06 00:27:26 >>  Image: lake_resize, mask: mark PSNR=26.986214
psnr_destroyed=22.189476, psnr_inpainting=26.99
ssim_destroyed=0.7946, ssim_inpainting=0.8879
loss_destroyed=0.0060, loss_inpainting=0.0060
2024-06-06 00:29:10 >>  Image: lake_resize, mask: random PSNR=22.465443
psnr_destroyed=16.922882, psnr_inpainting=22.47
ssim_destroyed=0.2796, ssim_inpainting=0.5295
loss_destroyed=0.0203, loss_inpainting=0.0203
2024-06-06 00:34:26 >>  Image: 1resize_resize, mask: random PSNR=25.701645
psnr_destroyed=7.074471, psnr_inpainting=25.70
ssim_destroyed=0.1322, ssim_inpainting=0.8806
loss_destroyed=0.1961, loss_inpainting=0.1961
2024-06-06 00:35:52 >>  Image: 2resize_resize, mask: random PSNR=28.711805
psnr_destroyed=8.147815, psnr_inpainting=28.71
ssim_destroyed=0.1326, ssim_inpainting=0.9287
loss_destroyed=0.1532, loss_inpainting=0.1532
2024-06-06 00:40:25 >>  Image: 1resize_resize, mask: random PSNR=25.701645
psnr_destroyed=7.074471, psnr_inpainting=25.701645
ssim_destroyed=0.132218, ssim_inpainting=0.880622
loss_destroyed=0.196134, loss_inpainting=0.196134
2024-06-06 00:42:38 >>  Image: 2resize_resize, mask: random PSNR=28.711805
psnr_destroyed=8.147815, psnr_inpainting=28.711805
ssim_destroyed=0.132632, ssim_inpainting=0.928683
loss_destroyed=0.153186, loss_inpainting=0.153186
2024-06-06 00:44:53 >>  Image: 3resize_resize, mask: random PSNR=33.991161
psnr_destroyed=6.952744, psnr_inpainting=33.991161
ssim_destroyed=0.044345, ssim_inpainting=0.941501
loss_destroyed=0.201709, loss_inpainting=0.201709
2024-06-06 00:47:15 >>  Image: 4resize_resize, mask: random PSNR=38.967674
psnr_destroyed=7.578227, psnr_inpainting=38.967674
ssim_destroyed=0.024482, ssim_inpainting=0.976147
loss_destroyed=0.174654, loss_inpainting=0.174654
2024-06-06 00:49:30 >>  Image: 5resize_resize, mask: random PSNR=29.503418
psnr_destroyed=11.459473, psnr_inpainting=29.503418
ssim_destroyed=0.323301, ssim_inpainting=0.849141
loss_destroyed=0.071458, loss_inpainting=0.071458
2024-06-06 00:51:28 >>  Image: 6resize_resize, mask: random PSNR=30.749897
psnr_destroyed=7.492243, psnr_inpainting=30.749897
ssim_destroyed=0.139973, ssim_inpainting=0.931466
loss_destroyed=0.178146, loss_inpainting=0.178146
2024-06-06 00:53:41 >>  Image: cat_resize, mask: random PSNR=40.196411
psnr_destroyed=7.850491, psnr_inpainting=40.196411
ssim_destroyed=0.041877, ssim_inpainting=0.979674
loss_destroyed=0.164040, loss_inpainting=0.164040
2024-06-06 00:55:55 >>  Image: lake_resize, mask: random PSNR=27.905811
psnr_destroyed=16.934767, psnr_inpainting=27.905811
ssim_destroyed=0.279292, ssim_inpainting=0.878626
loss_destroyed=0.020255, loss_inpainting=0.020255
2024-06-06 00:58:05 >>  Image: lion_resize, mask: random PSNR=30.734016
psnr_destroyed=8.107146, psnr_inpainting=30.734016
ssim_destroyed=0.087220, ssim_inpainting=0.901236
loss_destroyed=0.154627, loss_inpainting=0.154627
2024-06-06 01:00:23 >>  Image: sand_resize, mask: random PSNR=28.721659
psnr_destroyed=5.776352, psnr_inpainting=28.721659
ssim_destroyed=0.048289, ssim_inpainting=0.889551
loss_destroyed=0.264463, loss_inpainting=0.264463
2024-06-06 01:26:07 >>  Image: sea1_resize, mask: random PSNR=36.046154
psnr_destroyed=9.359930, psnr_inpainting=36.046154
ssim_destroyed=0.053333, ssim_inpainting=0.981149
loss_destroyed=0.115880, loss_inpainting=0.115880
2024-06-06 01:30:14 >>  Image: sea2_resize, mask: random PSNR=34.343487
psnr_destroyed=6.441559, psnr_inpainting=34.343487
ssim_destroyed=0.025215, ssim_inpainting=0.978519
loss_destroyed=0.226905, loss_inpainting=0.226905
2024-06-06 01:34:24 >>  Image: snow_resize, mask: random PSNR=25.476089
psnr_destroyed=5.908859, psnr_inpainting=25.476089
ssim_destroyed=0.078480, ssim_inpainting=0.899242
loss_destroyed=0.256516, loss_inpainting=0.256516
2024-06-06 01:38:31 >>  Image: tiger_resize, mask: random PSNR=28.706074
psnr_destroyed=6.091018, psnr_inpainting=28.706074
ssim_destroyed=0.078760, ssim_inpainting=0.926462
loss_destroyed=0.245979, loss_inpainting=0.245979
2024-06-06 01:42:39 >>  Image: tree_resize, mask: random PSNR=30.175209
psnr_destroyed=7.910955, psnr_inpainting=30.175209
ssim_destroyed=0.058423, ssim_inpainting=0.936189
loss_destroyed=0.161772, loss_inpainting=0.161772
